<?xml version="1.0" encoding="UTF-8"?>
<testng-results ignored="0" total="4" passed="4" failed="0" skipped="0">
  <reporter-output>
  </reporter-output>
  <suite started-at="2023-09-09T21:04:38 IST" name="Suite" finished-at="2023-09-09T21:05:15 IST" duration-ms="37453">
    <groups>
    </groups>
    <test started-at="2023-09-09T21:04:38 IST" name="Test1" finished-at="2023-09-09T21:05:15 IST" duration-ms="37363">
      <class name="com.obsqura.tests.LoginTest">
        <test-method is-config="true" signature="InitializeDriver()[pri:0, instance:com.obsqura.tests.LoginTest@793f29ff]" started-at="2023-09-09T21:04:38 IST" name="InitializeDriver" finished-at="2023-09-09T21:05:00 IST" duration-ms="21546" status="PASS">
          <reporter-output>
          </reporter-output>
        </test-method> <!-- InitializeDriver -->
        <test-method signature="MyLoginTest()[pri:0, instance:com.obsqura.tests.LoginTest@793f29ff]" started-at="2023-09-09T21:05:00 IST" name="MyLoginTest" finished-at="2023-09-09T21:05:05 IST" duration-ms="5132" status="PASS">
          <reporter-output>
          </reporter-output>
        </test-method> <!-- MyLoginTest -->
        <test-method is-config="true" signature="TearDown()[pri:0, instance:com.obsqura.tests.LoginTest@793f29ff]" started-at="2023-09-09T21:05:05 IST" name="TearDown" finished-at="2023-09-09T21:05:15 IST" duration-ms="10539" status="PASS">
          <reporter-output>
          </reporter-output>
        </test-method> <!-- TearDown -->
      </class> <!-- com.obsqura.tests.LoginTest -->
    </test> <!-- Test1 -->
    <test started-at="2023-09-09T21:04:38 IST" name="Test2" finished-at="2023-09-09T21:05:15 IST" duration-ms="37361">
      <class name="com.obsqura.tests.SearchProductTest">
        <test-method is-config="true" signature="InitializeDriver()[pri:0, instance:com.obsqura.tests.SearchProductTest@7d9d0818]" started-at="2023-09-09T21:04:38 IST" name="InitializeDriver" finished-at="2023-09-09T21:05:01 IST" duration-ms="23212" status="PASS">
          <reporter-output>
          </reporter-output>
        </test-method> <!-- InitializeDriver -->
        <test-method signature="MySearchProductTest()[pri:0, instance:com.obsqura.tests.SearchProductTest@7d9d0818]" started-at="2023-09-09T21:05:01 IST" name="MySearchProductTest" finished-at="2023-09-09T21:05:12 IST" duration-ms="10995" status="PASS">
          <reporter-output>
          </reporter-output>
        </test-method> <!-- MySearchProductTest -->
        <test-method is-config="true" signature="TearDown()[pri:0, instance:com.obsqura.tests.SearchProductTest@7d9d0818]" started-at="2023-09-09T21:05:12 IST" name="TearDown" finished-at="2023-09-09T21:05:15 IST" duration-ms="3017" status="PASS">
          <reporter-output>
          </reporter-output>
        </test-method> <!-- TearDown -->
      </class> <!-- com.obsqura.tests.SearchProductTest -->
    </test> <!-- Test2 -->
    <test started-at="2023-09-09T21:04:38 IST" name="Test3" finished-at="2023-09-09T21:05:15 IST" duration-ms="37453">
      <class name="com.obsqura.tests.CreateandDeleteExpense">
        <test-method is-config="true" signature="InitializeDriver()[pri:0, instance:com.obsqura.tests.CreateandDeleteExpense@8462f31]" started-at="2023-09-09T21:04:38 IST" name="InitializeDriver" finished-at="2023-09-09T21:05:00 IST" duration-ms="22466" status="PASS">
          <reporter-output>
          </reporter-output>
        </test-method> <!-- InitializeDriver -->
        <test-method signature="MyCreateDeleteExpense()[pri:0, instance:com.obsqura.tests.CreateandDeleteExpense@8462f31]" started-at="2023-09-09T21:05:00 IST" name="MyCreateDeleteExpense" finished-at="2023-09-09T21:05:14 IST" duration-ms="13648" status="PASS">
          <reporter-output>
          </reporter-output>
        </test-method> <!-- MyCreateDeleteExpense -->
        <test-method is-config="true" signature="TearDown()[pri:0, instance:com.obsqura.tests.CreateandDeleteExpense@8462f31]" started-at="2023-09-09T21:05:14 IST" name="TearDown" finished-at="2023-09-09T21:05:15 IST" duration-ms="1204" status="PASS">
          <reporter-output>
          </reporter-output>
        </test-method> <!-- TearDown -->
      </class> <!-- com.obsqura.tests.CreateandDeleteExpense -->
    </test> <!-- Test3 -->
    <test started-at="2023-09-09T21:04:38 IST" name="Test4" finished-at="2023-09-09T21:05:15 IST" duration-ms="37395">
      <class name="com.obsqura.tests.CreateDeliveryBoy">
        <test-method is-config="true" signature="InitializeDriver()[pri:0, instance:com.obsqura.tests.CreateDeliveryBoy@7188af83]" started-at="2023-09-09T21:04:38 IST" name="InitializeDriver" finished-at="2023-09-09T21:05:01 IST" duration-ms="23258" status="PASS">
          <reporter-output>
          </reporter-output>
        </test-method> <!-- InitializeDriver -->
        <test-method signature="CreateDeliveryBoyTest()[pri:0, instance:com.obsqura.tests.CreateDeliveryBoy@7188af83]" started-at="2023-09-09T21:05:01 IST" name="CreateDeliveryBoyTest" finished-at="2023-09-09T21:05:13 IST" duration-ms="12145" status="PASS">
          <reporter-output>
          </reporter-output>
        </test-method> <!-- CreateDeliveryBoyTest -->
        <test-method is-config="true" signature="TearDown()[pri:0, instance:com.obsqura.tests.CreateDeliveryBoy@7188af83]" started-at="2023-09-09T21:05:13 IST" name="TearDown" finished-at="2023-09-09T21:05:15 IST" duration-ms="1899" status="PASS">
          <reporter-output>
          </reporter-output>
        </test-method> <!-- TearDown -->
      </class> <!-- com.obsqura.tests.CreateDeliveryBoy -->
    </test> <!-- Test4 -->
  </suite> <!-- Suite -->
</testng-results>
